Removed Pin From Net: NetName=NetD10_2 Pin=Q1-1
Removed Pin From Net: NetName=PD4 Pin=Q1-2
Removed Pin From Net: NetName=GND Pin=Q1-3
Removed Pin From Net: NetName=NetD11_2 Pin=Q2-1
Removed Pin From Net: NetName=PD3 Pin=Q2-2
Removed Pin From Net: NetName=GND Pin=Q2-3
Removed Pin From Net: NetName=NetC11_1 Pin=Q3-1
Removed Pin From Net: NetName=NetD10_2 Pin=Q3-2
Removed Pin From Net: NetName=NetQ3_3 Pin=Q3-3
Removed Pin From Net: NetName=NetC12_1 Pin=Q4-1
Removed Pin From Net: NetName=NetD11_2 Pin=Q4-2
Removed Pin From Net: NetName=NetQ3_3 Pin=Q4-3
Removed Pin From Net: NetName=NetD15_2 Pin=Q5-1
Removed Pin From Net: NetName=PD10 Pin=Q5-2
Removed Pin From Net: NetName=GND Pin=Q5-3
Removed Pin From Net: NetName=NetD16_2 Pin=Q6-1
Removed Pin From Net: NetName=PD8 Pin=Q6-2
Removed Pin From Net: NetName=GND Pin=Q6-3
Removed Pin From Net: NetName=NetD17_2 Pin=Q7-1
Removed Pin From Net: NetName=PD7 Pin=Q7-2
Removed Pin From Net: NetName=GND Pin=Q7-3
Removed Pin From Net: NetName=NetC14_1 Pin=Q8-1
Removed Pin From Net: NetName=NetD15_2 Pin=Q8-2
Removed Pin From Net: NetName=Net12VSpr1_1 Pin=Q8-3
Removed Pin From Net: NetName=NetD13_2 Pin=Q9-1
Removed Pin From Net: NetName=NetD16_2 Pin=Q9-2
Removed Pin From Net: NetName=NetQ9_3 Pin=Q9-3
Removed Pin From Net: NetName=NetD14_2 Pin=Q10-1
Removed Pin From Net: NetName=NetD17_2 Pin=Q10-2
Removed Pin From Net: NetName=NetBRKLTVIN_1 Pin=Q10-3
Removed Pin From Net: NetName=NetD20_1 Pin=Q11-1
Removed Pin From Net: NetName=PD5 Pin=Q11-2
Removed Pin From Net: NetName=GND Pin=Q11-3
Removed Pin From Net: NetName=NetD23_2 Pin=Q12-1
Removed Pin From Net: NetName=PD6 Pin=Q12-2
Removed Pin From Net: NetName=GND Pin=Q12-3
Added Pin To Net: NetName=GND Pin=Q1-1
Added Pin To Net: NetName=GND Pin=Q1-1
Added Pin To Net: NetName=NetD10_2 Pin=Q1-2
Added Pin To Net: NetName=PD4 Pin=Q1-3
Added Pin To Net: NetName=GND Pin=Q2-1
Added Pin To Net: NetName=GND Pin=Q2-1
Added Pin To Net: NetName=NetD11_2 Pin=Q2-2
Added Pin To Net: NetName=PD3 Pin=Q2-3
Added Pin To Net: NetName=NetQ3_3 Pin=Q3-1
Added Pin To Net: NetName=NetQ3_3 Pin=Q3-1
Added Pin To Net: NetName=NetC11_1 Pin=Q3-2
Added Pin To Net: NetName=NetD10_2 Pin=Q3-3
Added Pin To Net: NetName=NetQ3_3 Pin=Q4-1
Added Pin To Net: NetName=NetQ3_3 Pin=Q4-1
Added Pin To Net: NetName=NetC12_1 Pin=Q4-2
Added Pin To Net: NetName=NetD11_2 Pin=Q4-3
Added Pin To Net: NetName=GND Pin=Q5-1
Added Pin To Net: NetName=GND Pin=Q5-1
Added Pin To Net: NetName=NetD15_2 Pin=Q5-2
Added Pin To Net: NetName=PD10 Pin=Q5-3
Added Pin To Net: NetName=GND Pin=Q6-1
Added Pin To Net: NetName=GND Pin=Q6-1
Added Pin To Net: NetName=NetD16_2 Pin=Q6-2
Added Pin To Net: NetName=PD8 Pin=Q6-3
Added Pin To Net: NetName=GND Pin=Q7-1
Added Pin To Net: NetName=GND Pin=Q7-1
Added Pin To Net: NetName=NetD17_2 Pin=Q7-2
Added Pin To Net: NetName=PD7 Pin=Q7-3
Added Pin To Net: NetName=Net12VSpr1_1 Pin=Q8-1
Added Pin To Net: NetName=Net12VSpr1_1 Pin=Q8-1
Added Pin To Net: NetName=NetC14_1 Pin=Q8-2
Added Pin To Net: NetName=NetD15_2 Pin=Q8-3
Added Pin To Net: NetName=NetQ9_3 Pin=Q9-1
Added Pin To Net: NetName=NetQ9_3 Pin=Q9-1
Added Pin To Net: NetName=NetD13_2 Pin=Q9-2
Added Pin To Net: NetName=NetD16_2 Pin=Q9-3
Added Pin To Net: NetName=NetBRKLTVIN_1 Pin=Q10-1
Added Pin To Net: NetName=NetBRKLTVIN_1 Pin=Q10-1
Added Pin To Net: NetName=NetD14_2 Pin=Q10-2
Added Pin To Net: NetName=NetD17_2 Pin=Q10-3
Added Pin To Net: NetName=GND Pin=Q11-1
Added Pin To Net: NetName=GND Pin=Q11-1
Added Pin To Net: NetName=NetD20_1 Pin=Q11-2
Added Pin To Net: NetName=PD5 Pin=Q11-3
Added Pin To Net: NetName=GND Pin=Q12-1
Added Pin To Net: NetName=GND Pin=Q12-1
Added Pin To Net: NetName=NetD23_2 Pin=Q12-2
Added Pin To Net: NetName=PD6 Pin=Q12-3
