Change Physical Footprint: Designator=5V1 Old Footprint=FUSC4632X85N New Footprint=FUSC4632X85N
Change Physical Footprint: Designator=5V2 Old Footprint=FUSC4632X85N New Footprint=FUSC4632X85N
Change Physical Footprint: Designator=12V1 Old Footprint=FUSC4632X85N New Footprint=FUSC4632X85N
Change Physical Footprint: Designator=12V2 Old Footprint=FUSC4632X85N New Footprint=FUSC4632X85N
Change Physical Footprint: Designator=Accl Old Footprint=FUSC4632X85N New Footprint=FUSC4632X85N
Change Physical Footprint: Designator=BPT Old Footprint=FUSC4632X85N New Footprint=FUSC4632X85N
Change Physical Footprint: Designator=Brk Old Footprint=FUSC4632X85N New Footprint=FUSC4632X85N
Change Physical Footprint: Designator=C1 Old Footprint=CAPC3216X170N New Footprint=CAPC3216X170N
Change Physical Footprint: Designator=C2 Old Footprint=CAPC3216X170N New Footprint=CAPC3216X170N
Change Physical Footprint: Designator=C3 Old Footprint=CAPC3216X170N New Footprint=CAPC3216X170N
Change Physical Footprint: Designator=C4 Old Footprint=CAPC3216X170N New Footprint=CAPC3216X170N
Change Physical Footprint: Designator=C5 Old Footprint=CAPC3216X170N New Footprint=CAPC3216X170N
Change Physical Footprint: Designator=C6 Old Footprint=CAPC3216X170N New Footprint=CAPC3216X170N
Change Physical Footprint: Designator=C7 Old Footprint=CAPC3216X170N New Footprint=CAPC3216X170N
Change Physical Footprint: Designator=C8 Old Footprint=CAPC3216X170N New Footprint=CAPC3216X170N
Change Physical Footprint: Designator=C9 Old Footprint=CAPC3216X170N New Footprint=CAPC3216X170N
Change Physical Footprint: Designator=C10 Old Footprint=CAPC3216X170N New Footprint=CAPC3216X170N
Change Physical Footprint: Designator=C11 Old Footprint=CAPC3216X170N New Footprint=CAPC3216X170N
Change Physical Footprint: Designator=C12 Old Footprint=CAPC3216X170N New Footprint=CAPC3216X170N
Change Physical Footprint: Designator=C13 Old Footprint=CAPC3216X170N New Footprint=CAPC3216X170N
Change Physical Footprint: Designator=C14 Old Footprint=CAPC3216X170N New Footprint=CAPC3216X170N
Change Physical Footprint: Designator=C15 Old Footprint=CAPC3216X170N New Footprint=CAPC3216X170N
Change Physical Footprint: Designator=C16 Old Footprint=CAPC3216X170N New Footprint=CAPC3216X170N
Change Physical Footprint: Designator=Cntr Old Footprint=FUSC4632X85N New Footprint=FUSC4632X85N
Change Physical Footprint: Designator=D1 Old Footprint=LEDC3216X120NRED New Footprint=LEDC3216X120NRED
Change Physical Footprint: Designator=D2 Old Footprint=LEDC3216X120NGRN New Footprint=LEDC3216X120NGRN
Change Physical Footprint: Designator=D3 Old Footprint=LEDC3216X120NYEL New Footprint=LEDC3216X120NYEL
Change Physical Footprint: Designator=D5 Old Footprint=LEDC3216X120NYEL New Footprint=LEDC3216X120NYEL
Change Physical Footprint: Designator=D6 Old Footprint=LEDC3216X120NYEL New Footprint=LEDC3216X120NYEL
Change Physical Footprint: Designator=D7 Old Footprint=LEDC3216X120NYEL New Footprint=LEDC3216X120NYEL
Change Physical Footprint: Designator=D8 Old Footprint=SOD123 New Footprint=SOD123
Change Physical Footprint: Designator=D9 Old Footprint=SOD123 New Footprint=SOD123
Change Physical Footprint: Designator=D10 Old Footprint=LEDC3216X120NRED New Footprint=LEDC3216X120NRED
Change Physical Footprint: Designator=D11 Old Footprint=LEDC3216X120NRED New Footprint=LEDC3216X120NRED
Change Physical Footprint: Designator=D12 Old Footprint=SOD123 New Footprint=SOD123
Change Physical Footprint: Designator=D13 Old Footprint=SOD123 New Footprint=SOD123
Change Physical Footprint: Designator=D14 Old Footprint=SOD123 New Footprint=SOD123
Change Physical Footprint: Designator=D15 Old Footprint=LEDC3216X120NRED New Footprint=LEDC3216X120NRED
Change Physical Footprint: Designator=D16 Old Footprint=LEDC3216X120NRED New Footprint=LEDC3216X120NRED
Change Physical Footprint: Designator=D17 Old Footprint=LEDC3216X120NRED New Footprint=LEDC3216X120NRED
Change Physical Footprint: Designator=D19 Old Footprint=SMC New Footprint=SMC
Change Physical Footprint: Designator=D20 Old Footprint=DO-220AA New Footprint=DO-220AA
Change Physical Footprint: Designator=D22 Old Footprint=LEDC3216X120NRED New Footprint=LEDC3216X120NRED
Change Physical Footprint: Designator=D23 Old Footprint=LEDC3216X120NRED New Footprint=LEDC3216X120NRED
Change Physical Footprint: Designator=ETB Old Footprint=FUSC4632X85N New Footprint=FUSC4632X85N
Change Physical Footprint: Designator=ETBD Old Footprint=FUSC4632X85N New Footprint=FUSC4632X85N
Change Physical Footprint: Designator=F1 Old Footprint=1812 New Footprint=1812
Change Physical Footprint: Designator=FP Old Footprint=FUSC4632X85N New Footprint=FUSC4632X85N
Change Physical Footprint: Designator=Inj Old Footprint=FUSC4632X85N New Footprint=FUSC4632X85N
Change Physical Footprint: Designator=J1 Old Footprint=1050170001 New Footprint=1050170001
Change Physical Footprint: Designator=K1 Old Footprint=TECO-PB134-5_V New Footprint=TECO-PB134-5_V
Change Physical Footprint: Designator=MS Old Footprint=FUSC4632X85N New Footprint=FUSC4632X85N
Change Physical Footprint: Designator=MtrC Old Footprint=FUSC4632X85N New Footprint=FUSC4632X85N
Change Physical Footprint: Designator=P1 Old Footprint=Pin Header 2x3 TH Pitch 2.54mm New Footprint=Pin Header 2x3 TH Pitch 2.54mm
Change Physical Footprint: Designator=P2 Old Footprint=Pin Header 1x2 TH Pitch 2.54mm New Footprint=Pin Header 1x2 TH Pitch 2.54mm
Change Physical Footprint: Designator=P3 Old Footprint=Pin Header 1x2 TH Pitch 2.54mm New Footprint=Pin Header 1x2 TH Pitch 2.54mm
Change Physical Footprint: Designator=P4 Old Footprint=MX150 20 PIN New Footprint=MX150 20 PIN
Change Physical Footprint: Designator=P6 Old Footprint=MX150 20 PIN New Footprint=MX150 20 PIN
Change Physical Footprint: Designator=Pi Old Footprint=FUSC4632X85N New Footprint=FUSC4632X85N
Change Physical Footprint: Designator=Q1 Old Footprint=SOT23-3 New Footprint=SOT23-3
Change Physical Footprint: Designator=Q2 Old Footprint=SOT23-3 New Footprint=SOT23-3
Change Physical Footprint: Designator=Q3 Old Footprint=SOT23-3 New Footprint=SOT23-3
Change Physical Footprint: Designator=Q4 Old Footprint=SOT23-3 New Footprint=SOT23-3
Change Physical Footprint: Designator=Q5 Old Footprint=SOT23-3 New Footprint=SOT23-3
Change Physical Footprint: Designator=Q6 Old Footprint=SOT23-3 New Footprint=SOT23-3
Change Physical Footprint: Designator=Q7 Old Footprint=SOT23-3 New Footprint=SOT23-3
Change Physical Footprint: Designator=Q8 Old Footprint=SOT23-3 New Footprint=SOT23-3
Change Physical Footprint: Designator=Q9 Old Footprint=SOT23-3 New Footprint=SOT23-3
Change Physical Footprint: Designator=Q10 Old Footprint=SOT23-3 New Footprint=SOT23-3
Change Physical Footprint: Designator=Q11 Old Footprint=SOT23-3 New Footprint=SOT23-3
Change Physical Footprint: Designator=Q12 Old Footprint=SOT23-3 New Footprint=SOT23-3
Change Physical Footprint: Designator=Q13 Old Footprint=TO-220AB New Footprint=TO-220AB
Change Physical Footprint: Designator=R1 Old Footprint=RESC3216X60N New Footprint=RESC3216X60N
Change Physical Footprint: Designator=R2 Old Footprint=RESC3216X60N New Footprint=RESC3216X60N
Change Physical Footprint: Designator=R3 Old Footprint=RESC3216X60N New Footprint=RESC3216X60N
Change Physical Footprint: Designator=R4 Old Footprint=RESC3216X60N New Footprint=RESC3216X60N
Change Physical Footprint: Designator=R5 Old Footprint=RESC3216X60N New Footprint=RESC3216X60N
Change Physical Footprint: Designator=R6 Old Footprint=RESC3216X60N New Footprint=RESC3216X60N
Change Physical Footprint: Designator=R7 Old Footprint=RESC3216X60N New Footprint=RESC3216X60N
Change Physical Footprint: Designator=R8 Old Footprint=RESC3216X60N New Footprint=RESC3216X60N
Change Physical Footprint: Designator=R9 Old Footprint=RESC3216X60N New Footprint=RESC3216X60N
Change Physical Footprint: Designator=R10 Old Footprint=RESC3216X60N New Footprint=RESC3216X60N
Change Physical Footprint: Designator=R11 Old Footprint=RESC3216X60N New Footprint=RESC3216X60N
Change Physical Footprint: Designator=R12 Old Footprint=RESC3216X60N New Footprint=RESC3216X60N
Change Physical Footprint: Designator=R13 Old Footprint=RESC3216X60N New Footprint=RESC3216X60N
Change Physical Footprint: Designator=R14 Old Footprint=RESC3216X60N New Footprint=RESC3216X60N
Change Physical Footprint: Designator=R15 Old Footprint=RESC3216X60N New Footprint=RESC3216X60N
Change Physical Footprint: Designator=R16 Old Footprint=RESC3216X60N New Footprint=RESC3216X60N
Change Physical Footprint: Designator=R17 Old Footprint=RESC3216X60N New Footprint=RESC3216X60N
Change Physical Footprint: Designator=R18 Old Footprint=RESC3216X60N New Footprint=RESC3216X60N
Change Physical Footprint: Designator=R19 Old Footprint=RESC3216X60N New Footprint=RESC3216X60N
Change Physical Footprint: Designator=R20 Old Footprint=RESC3216X60N New Footprint=RESC3216X60N
Change Physical Footprint: Designator=R21 Old Footprint=RESC3216X60N New Footprint=RESC3216X60N
Change Physical Footprint: Designator=R22 Old Footprint=RESC3216X60N New Footprint=RESC3216X60N
Change Physical Footprint: Designator=R23 Old Footprint=RESC3216X60N New Footprint=RESC3216X60N
Change Physical Footprint: Designator=R24 Old Footprint=RESC3216X60N New Footprint=RESC3216X60N
Change Physical Footprint: Designator=R27 Old Footprint=RESC3216X60N New Footprint=RESC3216X60N
Change Physical Footprint: Designator=R28 Old Footprint=RESC3216X60N New Footprint=RESC3216X60N
Change Physical Footprint: Designator=R29 Old Footprint=RESC3216X60N New Footprint=RESC3216X60N
Change Physical Footprint: Designator=R30 Old Footprint=RESC3216X60N New Footprint=RESC3216X60N
Change Physical Footprint: Designator=R31 Old Footprint=RESC3216X60N New Footprint=RESC3216X60N
Change Physical Footprint: Designator=R32 Old Footprint=RESC3216X60N New Footprint=RESC3216X60N
Change Physical Footprint: Designator=R35 Old Footprint=RESC3216X60N New Footprint=RESC3216X60N
Change Physical Footprint: Designator=R36 Old Footprint=RESC3216X60N New Footprint=RESC3216X60N
Change Physical Footprint: Designator=R37 Old Footprint=RESC3216X60N New Footprint=RESC3216X60N
Change Physical Footprint: Designator=R38 Old Footprint=RESC3216X60N New Footprint=RESC3216X60N
Change Physical Footprint: Designator=R39 Old Footprint=RESC3216X60N New Footprint=RESC3216X60N
Change Physical Footprint: Designator=REF Old Footprint=FUSC4632X85N New Footprint=FUSC4632X85N
Change Physical Footprint: Designator=S1 Old Footprint=SMDswitch_1206 New Footprint=SMDswitch_1206
Change Physical Footprint: Designator=Shft Old Footprint=FUSC4632X85N New Footprint=FUSC4632X85N
Change Physical Footprint: Designator=Strt Old Footprint=FUSC4632X85N New Footprint=FUSC4632X85N
Change Physical Footprint: Designator=Susp Old Footprint=FUSC4632X85N New Footprint=FUSC4632X85N
Change Physical Footprint: Designator=U1 Old Footprint=QFP80P900X900X120-32N New Footprint=QFP80P900X900X120-32N
Change Physical Footprint: Designator=U2 Old Footprint=T03B New Footprint=T03B
Change Physical Footprint: Designator=U3 Old Footprint=SOIC127P600X175-8N New Footprint=SOIC127P600X175-8N
Change Physical Footprint: Designator=U4 Old Footprint=SOP65P780X200-28N New Footprint=SOP65P780X200-28N
Change Physical Footprint: Designator=U5 Old Footprint=SOIC127P1030X265-18N New Footprint=SOIC127P1030X265-18N
Change Physical Footprint: Designator=U6 Old Footprint=T03B New Footprint=T03B
Change Physical Footprint: Designator=WSPD Old Footprint=FUSC4632X85N New Footprint=FUSC4632X85N
Change Physical Footprint: Designator=Y1 Old Footprint=CSTCE_G New Footprint=CSTCE_G
Change Physical Footprint: Designator=Y2 Old Footprint=CSTCE_G New Footprint=CSTCE_G
